#
# A fatal error has been detected by the Java Runtime Environment:
#
#  EXCEPTION_ACCESS_VIOLATION (0xc0000005) at pc=0x00007ff924c26730, pid=8644, tid=5876
#
# JRE version: OpenJDK Runtime Environment (16.0.1+9) (build 16.0.1+9-24)
# Java VM: OpenJDK 64-Bit Server VM (16.0.1+9-24, mixed mode, sharing, tiered, compressed oops, compressed class ptrs, g1 gc, windows-amd64)
# Problematic frame:
# C  [glass.dll+0x26730]
#
# No core dump will be written. Minidumps are not enabled by default on client versions of Windows
#
# If you would like to submit a bug report, please visit:
#   https://bugreport.java.com/bugreport/crash.jsp
#

---------------  S U M M A R Y ------------

Command Line: -agentlib:jdwp=transport=dt_socket,address=127.0.0.1:1040,suspend=y,server=n --module-path=D:\Coding\java_libs\javafx-sdk-11.0.2\lib --add-modules=javafx.controls,javafx.fxml -javaagent:D:\Users\cargomaster\AppData\Local\JetBrains\IdeaIC2021.1\captureAgent\debugger-agent.jar -Dfile.encoding=UTF-8 sample.Main

Host: AMD FX(tm)-6300 Six-Core Processor             , 6 cores, 7G,  Windows 10 , 64 bit Build 14393 (10.0.14393.0)
Time: Fri May  7 20:03:41 2021 Арабское время (зима) elapsed time: 11.933228 seconds (0d 0h 0m 11s)

---------------  T H R E A D  ---------------

Current thread (0x000002e072593730):  VMThread "VM Thread" [stack: 0x000000fcccb00000,0x000000fcccc00000] [id=5876]

Stack: [0x000000fcccb00000,0x000000fcccc00000],  sp=0x000000fcccbff240,  free space=1020k
Native frames: (J=compiled Java code, j=interpreted, Vv=VM code, C=native code)
C  [glass.dll+0x26730]


siginfo: EXCEPTION_ACCESS_VIOLATION (0xc0000005), reading address 0x0000000000000000


Register to memory mapping:

RIP=0x00007ff924c26730 glass.dll
RAX=0x0 is NULL
RBX=0x000002e0725a5c00 is a global jni handle
RCX=0x000002e072593730 points into unknown readable memory: 0x000002e07197f638 | 38 f6 97 71 e0 02 00 00
RDX=0x000000fcccbff240 points into unknown readable memory: 0x0000000000000000 | 00 00 00 00 00 00 00 00
RSP=0x000000fcccbff240 points into unknown readable memory: 0x0000000000000000 | 00 00 00 00 00 00 00 00
RBP=0x000002e0187c4fb8 points into unknown readable memory: 0x0000ef270c3aaab6 | b6 aa 3a 0c 27 ef 00 00
RSI=0x000002e0187c4f90 points into unknown readable memory: 0xb600ef38f2739a3b | 3b 9a 73 f2 38 ef 00 b6
RDI=0x0000ef270c3aaab6 is an unknown value
R8 =0x0000000000010002 is an unknown value
R9 =0x0000000000000036 is an unknown value
R10=0x0000ef270c3aaab6 is an unknown value
R11=0x0000000000000052 is an unknown value
R12=0x0 is NULL
R13=0x0000000000000040 is an unknown value
R14=0x000000fcccbff358 points into unknown readable memory: 0x000000fcccbff340 | 40 f3 bf cc fc 00 00 00
R15=0x000002e0187c4f90 points into unknown readable memory: 0xb600ef38f2739a3b | 3b 9a 73 f2 38 ef 00 b6


Registers:
RAX=0x0000000000000000, RBX=0x000002e0725a5c00, RCX=0x000002e072593730, RDX=0x000000fcccbff240
RSP=0x000000fcccbff240, RBP=0x000002e0187c4fb8, RSI=0x000002e0187c4f90, RDI=0x0000ef270c3aaab6
R8 =0x0000000000010002, R9 =0x0000000000000036, R10=0x0000ef270c3aaab6, R11=0x0000000000000052
R12=0x0000000000000000, R13=0x0000000000000040, R14=0x000000fcccbff358, R15=0x000002e0187c4f90
RIP=0x00007ff924c26730, EFLAGS=0x0000000000010202

Top of Stack: (sp=0x000000fcccbff240)
0x000000fcccbff240:   0000000000000000 00007ff9404de3bb
0x000000fcccbff250:   000002e0187c4fa0 000002e000000000
0x000000fcccbff260:   fffffffffffffffe 000002e0187c4fb8
0x000000fcccbff270:   000002e0187c4f98 00007ff9404e0eb3
0x000000fcccbff280:   000002e0187c4fa0 000002e000000000
0x000000fcccbff290:   0000ea57b35f775c 0000000000000047
0x000000fcccbff2a0:   fffffffffffffffe 00007ff9404d9f28
0x000000fcccbff2b0:   00007ff924c23be0 00007ff924c00000
0x000000fcccbff2c0:   00007ff9436031b0 0000000000000000
0x000000fcccbff2d0:   000000fcccbff348 00007ff9404dda0b
0x000000fcccbff2e0:   0000000000000000 000000fcccbff358
0x000000fcccbff2f0:   000000fcccbff610 00007ff9405b6c80
0x000000fcccbff300:   0000000000000001 00007ff9404d9ed4
0x000000fcccbff310:   0000000000000000 0000000000000001
0x000000fcccbff320:   000002e072405620 000000fcccbff348
0x000000fcccbff330:   0000000000000000 00007ff924c23a60 

Instructions: (pc=0x00007ff924c26730)
0x00007ff924c26630:   8b 4d 60 e8 d8 c9 ff ff 48 8b 55 68 48 8b 8d 08
0x00007ff924c26640:   01 00 00 e8 a9 be ff ff 33 d2 33 c9 e8 a9 de ff
0x00007ff924c26650:   ff 90 cc cc cc cc cc cc cc cc cc cc cc cc cc cc
0x00007ff924c26660:   48 8d 8a 80 00 00 00 e9 14 ea fe ff 48 89 54 24
0x00007ff924c26670:   10 55 48 83 ec 20 48 8b ea 48 8d 05 1d cb ff ff
0x00007ff924c26680:   48 83 c4 20 5d c3 cc 40 55 48 8b ea 48 8b 01 33
0x00007ff924c26690:   c9 81 38 05 00 00 c0 0f 94 c1 8b c1 5d c3 cc 40
0x00007ff924c266a0:   55 48 83 ec 20 48 8b ea 8a 4d 40 48 83 c4 20 5d
0x00007ff924c266b0:   e9 23 ce ff ff cc 40 55 48 83 ec 20 48 8b ea e8
0x00007ff924c266c0:   3c cc ff ff 8a 4d 38 48 83 c4 20 5d e9 07 ce ff
0x00007ff924c266d0:   ff cc 40 55 48 83 ec 30 48 8b ea 48 8b 01 8b 10
0x00007ff924c266e0:   48 89 4c 24 28 89 54 24 20 4c 8d 0d d0 d1 ff ff
0x00007ff924c266f0:   4c 8b 45 70 8b 55 68 48 8b 4d 60 e8 70 cb ff ff
0x00007ff924c26700:   90 48 83 c4 30 5d c3 cc cc cc cc cc cc cc cc cc
0x00007ff924c26710:   40 53 48 83 ec 30 48 c7 44 24 20 fe ff ff ff 48
0x00007ff924c26720:   8b 1d ea 63 01 00 48 85 db 74 16 e8 90 86 ff ff
0x00007ff924c26730:   4c 8b 00 48 8b d3 48 8b c8 41 ff 90 b0 00 00 00
0x00007ff924c26740:   90 48 83 c4 30 5b c3 cc cc cc cc cc cc cc cc cc
0x00007ff924c26750:   40 53 48 83 ec 20 48 8b 1d 4b 65 01 00 48 85 db
0x00007ff924c26760:   74 57 b8 ff ff ff ff f0 0f c1 43 10 83 f8 01 75
0x00007ff924c26770:   3d 48 85 db 74 38 48 8b 0b 48 85 c9 74 0d ff 15
0x00007ff924c26780:   24 0b 00 00 48 c7 03 00 00 00 00 48 8b 4b 08 48
0x00007ff924c26790:   85 c9 74 0d e8 77 c8 ff ff 48 c7 43 08 00 00 00
0x00007ff924c267a0:   00 ba 18 00 00 00 48 8b cb e8 62 c8 ff ff 48 c7
0x00007ff924c267b0:   05 ef 64 01 00 00 00 00 00 48 83 c4 20 5b c3 cc
0x00007ff924c267c0:   40 53 48 83 ec 20 48 8b 1d bb 64 01 00 48 85 db
0x00007ff924c267d0:   74 57 b8 ff ff ff ff f0 0f c1 43 10 83 f8 01 75
0x00007ff924c267e0:   3d 48 85 db 74 38 48 8b 0b 48 85 c9 74 0d ff 15
0x00007ff924c267f0:   b4 0a 00 00 48 c7 03 00 00 00 00 48 8b 4b 08 48
0x00007ff924c26800:   85 c9 74 0d e8 07 c8 ff ff 48 c7 43 08 00 00 00
0x00007ff924c26810:   00 ba 18 00 00 00 48 8b cb e8 f2 c7 ff ff 48 c7
0x00007ff924c26820:   05 5f 64 01 00 00 00 00 00 48 83 c4 20 5b c3 cc 


Stack slot to memory mapping:
stack at sp + 0 slots: 0x0 is NULL
stack at sp + 1 slots: 0x00007ff9404de3bb ucrtbase.dll
stack at sp + 2 slots: 0x000002e0187c4fa0 points into unknown readable memory: 0x0000ef270c3aaab6 | b6 aa 3a 0c 27 ef 00 00
stack at sp + 3 slots: 0x000002e000000000 points into unknown readable memory: 0x00010000cafedada | da da fe ca 00 00 01 00
stack at sp + 4 slots: 0xfffffffffffffffe is an unknown value
stack at sp + 5 slots: 0x000002e0187c4fb8 points into unknown readable memory: 0x0000ef270c3aaab6 | b6 aa 3a 0c 27 ef 00 00
stack at sp + 6 slots: 0x000002e0187c4f98 points into unknown readable memory: 0x0000ef270c3aaab6 | b6 aa 3a 0c 27 ef 00 00
stack at sp + 7 slots: 0x00007ff9404e0eb3 ucrtbase.dll

VM_Operation (0x000000fccf5cf2e0): Exit, mode: safepoint, requested by thread 0x000002e0211c1f20


---------------  P R O C E S S  ---------------

Threads class SMR info:
_java_thread_list=0x000002e0194e59a0, length=22, elements={
0x000002e0723ed360, 0x000002e07259b720, 0x000002e07259c960, 0x000002e0725ae330,
0x000002e0725a2f20, 0x000002e0725a3830, 0x000002e0725bbf60, 0x000002e0725b6970,
0x000002e07ef9e3f0, 0x000002e0725bea80, 0x000002e0725baa20, 0x000002e01920e980,
0x000002e0725ba4d0, 0x000002e0725b9f80, 0x000002e0725baf70, 0x000002e0725bba10,
0x000002e0725b94e0, 0x000002e0725b8f90, 0x000002e0211c49a0, 0x000002e0211c6980,
0x000002e0211c7420, 0x000002e0211c1f20
}

Java Threads: ( => current thread )
  0x000002e0723ed360 JavaThread "main" [_thread_blocked, id=8720, stack(0x000000fccc500000,0x000000fccc600000)]
  0x000002e07259b720 JavaThread "Reference Handler" daemon [_thread_blocked, id=7688, stack(0x000000fcccc00000,0x000000fcccd00000)]
  0x000002e07259c960 JavaThread "Finalizer" daemon [_thread_blocked, id=5208, stack(0x000000fcccd00000,0x000000fccce00000)]
  0x000002e0725ae330 JavaThread "Signal Dispatcher" daemon [_thread_blocked, id=1100, stack(0x000000fccce00000,0x000000fcccf00000)]
  0x000002e0725a2f20 JavaThread "Attach Listener" daemon [_thread_blocked, id=6888, stack(0x000000fcccf00000,0x000000fccd000000)]
  0x000002e0725a3830 JavaThread "Service Thread" daemon [_thread_blocked, id=9180, stack(0x000000fccd000000,0x000000fccd100000)]
  0x000002e0725bbf60 JavaThread "Monitor Deflation Thread" daemon [_thread_blocked, id=2988, stack(0x000000fccd100000,0x000000fccd200000)]
  0x000002e0725b6970 JavaThread "C2 CompilerThread0" daemon [_thread_blocked, id=588, stack(0x000000fccd200000,0x000000fccd300000)]
  0x000002e07ef9e3f0 JavaThread "C1 CompilerThread0" daemon [_thread_blocked, id=9344, stack(0x000000fccd300000,0x000000fccd400000)]
  0x000002e0725bea80 JavaThread "Sweeper thread" daemon [_thread_blocked, id=7188, stack(0x000000fccd400000,0x000000fccd500000)]
  0x000002e0725baa20 JavaThread "Common-Cleaner" daemon [_thread_blocked, id=9268, stack(0x000000fccd500000,0x000000fccd600000)]
  0x000002e01920e980 JavaThread "JDWP Event Helper Thread" daemon [_thread_blocked, id=9548, stack(0x000000fccd800000,0x000000fccd900000)]
  0x000002e0725ba4d0 JavaThread "Notification Thread" daemon [_thread_blocked, id=9528, stack(0x000000fccda00000,0x000000fccdb00000)]
  0x000002e0725b9f80 JavaThread "QuantumRenderer-0" daemon [_thread_blocked, id=224, stack(0x000000fccdc00000,0x000000fccdd00000)]
  0x000002e0725baf70 JavaThread "InvokeLaterDispatcher" daemon [_thread_blocked, id=9072, stack(0x000000fccdf00000,0x000000fcce000000)]
  0x000002e0725bba10 JavaThread "JavaFX Application Thread" [_thread_blocked, id=7064, stack(0x000000fcce000000,0x000000fcce100000)]
  0x000002e0725b94e0 JavaThread "JavaFX-Launcher" [_thread_blocked, id=5468, stack(0x000000fcce300000,0x000000fcce400000)]
  0x000002e0725b8f90 JavaThread "Thread-2" daemon [_thread_in_native, id=4248, stack(0x000000fcce200000,0x000000fcce300000)]
  0x000002e0211c49a0 JavaThread "Prism Font Disposer" daemon [_thread_blocked, id=600, stack(0x000000fcced00000,0x000000fccee00000)]
  0x000002e0211c6980 JavaThread "Cleaner-0" daemon [_thread_blocked, id=8584, stack(0x000000fccee60000,0x000000fccef60000)]
  0x000002e0211c7420 JavaThread "mysql-cj-abandoned-connection-cleanup" daemon [_thread_blocked, id=7212, stack(0x000000fccf2d0000,0x000000fccf3d0000)]
  0x000002e0211c1f20 JavaThread "SIGINT handler" daemon [_thread_blocked, id=1552, stack(0x000000fccf4d0000,0x000000fccf5d0000)]

Other Threads:
=>0x000002e072593730 VMThread "VM Thread" [stack: 0x000000fcccb00000,0x000000fcccc00000] [id=5876]
  0x000002e07242c220 GCTaskThread "GC Thread#0" [stack: 0x000000fccc600000,0x000000fccc700000] [id=2472]
  0x000002e0194f3e60 GCTaskThread "GC Thread#1" [stack: 0x000000fcce400000,0x000000fcce500000] [id=7304]
  0x000002e0194f4170 GCTaskThread "GC Thread#2" [stack: 0x000000fcce500000,0x000000fcce600000] [id=1460]
  0x000002e0194f4480 GCTaskThread "GC Thread#3" [stack: 0x000000fcce600000,0x000000fcce700000] [id=5428]
  0x000002e0194f4790 GCTaskThread "GC Thread#4" [stack: 0x000000fcce700000,0x000000fcce800000] [id=6024]
  0x000002e0194f4aa0 GCTaskThread "GC Thread#5" [stack: 0x000000fcce800000,0x000000fcce900000] [id=5976]
  0x000002e07243d290 ConcurrentGCThread "G1 Main Marker" terminated
  0x000002e07243e820 ConcurrentGCThread "G1 Conc#0" [stack: 0x000000fccc800000,0x000000fccc900000] [id=9076]
  0x000002e0724c6df0 ConcurrentGCThread "G1 Refine#0" terminated
  0x000002e0724c7780 ConcurrentGCThread "G1 Service" terminated

Threads with active compile tasks:
C1 CompilerThread0  
[error occurred during error reporting (printing all threads), id 0xc0000005, EXCEPTION_ACCESS_VIOLATION (0xc0000005) at pc=0x000002e07179bb63]

VM state: at safepoint (shutting down)

VM Mutex/Monitor currently owned by a thread:  ([mutex/lock_event])
[0x000002e0723eaa70] Threads_lock - owner thread: 0x000002e072593730
[0x000002e0723e8ee0] Heap_lock - owner thread: 0x000002e0211c1f20

Heap address: 0x0000000081800000, size: 2024 MB, Compressed Oops mode: 32-bit

CDS archive(s) mapped at: [0x0000000800000000-0x0000000800bb0000-0x0000000800bb0000), size 12255232, SharedBaseAddress: 0x0000000800000000, ArchiveRelocationMode: 0.
Compressed class space mapped at: 0x0000000800c00000-0x0000000840c00000, reserved size: 1073741824
Narrow klass base: 0x0000000800000000, Narrow klass shift: 3, Narrow klass range: 0x100000000

GC Precious Log:
 CPUs: 6 total, 6 available
 Memory: 8093M
 Large Page Support: Disabled
 NUMA Support: Disabled
 Compressed Oops: Enabled (32-bit)
 Heap Region Size: 1M
 Heap Min Capacity: 8M
 Heap Initial Capacity: 128M
 Heap Max Capacity: 2024M
 Pre-touch: Disabled
 Parallel Workers: 6
 Concurrent Workers: 2
 Concurrent Refinement Workers: 6
 Periodic GC: Disabled

Heap:
 garbage-first heap   total 131072K, used 40531K [0x0000000081800000, 0x0000000100000000)
  region size 1024K, 35 young (35840K), 3 survivors (3072K)
 Metaspace       used 17535K, committed 17792K, reserved 1064960K
  class space    used 2517K, committed 2624K, reserved 1048576K

Heap Regions: E=young(eden), S=young(survivor), O=old, HS=humongous(starts), HC=humongous(continues), CS=collection set, F=free, OA=open archive, CA=closed archive, TAMS=top-at-mark-start (previous, next)
|   0|0x0000000081800000, 0x0000000081900000, 0x0000000081900000|100%| O|  |TAMS 0x0000000081800000, 0x0000000081800000| Untracked 
|   1|0x0000000081900000, 0x0000000081a00000, 0x0000000081a00000|100%| O|  |TAMS 0x0000000081900000, 0x0000000081900000| Untracked 
|   2|0x0000000081a00000, 0x0000000081b00000, 0x0000000081b00000|100%| O|  |TAMS 0x0000000081a00000, 0x0000000081a00000| Untracked 
|   3|0x0000000081b00000, 0x0000000081bc0a00, 0x0000000081c00000| 75%| O|  |TAMS 0x0000000081b00000, 0x0000000081b00000| Untracked 
|   4|0x0000000081c00000, 0x0000000081d00000, 0x0000000081d00000|100%|HS|  |TAMS 0x0000000081c00000, 0x0000000081c00000| Complete 
|   5|0x0000000081d00000, 0x0000000081e00000, 0x0000000081e00000|100%|HC|  |TAMS 0x0000000081d00000, 0x0000000081d00000| Complete 
|   6|0x0000000081e00000, 0x0000000081e00000, 0x0000000081f00000|  0%| F|  |TAMS 0x0000000081e00000, 0x0000000081e00000| Untracked 
|   7|0x0000000081f00000, 0x0000000081f00000, 0x0000000082000000|  0%| F|  |TAMS 0x0000000081f00000, 0x0000000081f00000| Untracked 
|   8|0x0000000082000000, 0x0000000082000000, 0x0000000082100000|  0%| F|  |TAMS 0x0000000082000000, 0x0000000082000000| Untracked 
|   9|0x0000000082100000, 0x0000000082100000, 0x0000000082200000|  0%| F|  |TAMS 0x0000000082100000, 0x0000000082100000| Untracked 
|  10|0x0000000082200000, 0x0000000082200000, 0x0000000082300000|  0%| F|  |TAMS 0x0000000082200000, 0x0000000082200000| Untracked 
|  11|0x0000000082300000, 0x0000000082300000, 0x0000000082400000|  0%| F|  |TAMS 0x0000000082300000, 0x0000000082300000| Untracked 
|  12|0x0000000082400000, 0x0000000082400000, 0x0000000082500000|  0%| F|  |TAMS 0x0000000082400000, 0x0000000082400000| Untracked 
|  13|0x0000000082500000, 0x0000000082500000, 0x0000000082600000|  0%| F|  |TAMS 0x0000000082500000, 0x0000000082500000| Untracked 
|  14|0x0000000082600000, 0x0000000082600000, 0x0000000082700000|  0%| F|  |TAMS 0x0000000082600000, 0x0000000082600000| Untracked 
|  15|0x0000000082700000, 0x0000000082700000, 0x0000000082800000|  0%| F|  |TAMS 0x0000000082700000, 0x0000000082700000| Untracked 
|  16|0x0000000082800000, 0x0000000082800000, 0x0000000082900000|  0%| F|  |TAMS 0x0000000082800000, 0x0000000082800000| Untracked 
|  17|0x0000000082900000, 0x0000000082900000, 0x0000000082a00000|  0%| F|  |TAMS 0x0000000082900000, 0x0000000082900000| Untracked 
|  18|0x0000000082a00000, 0x0000000082a00000, 0x0000000082b00000|  0%| F|  |TAMS 0x0000000082a00000, 0x0000000082a00000| Untracked 
|  19|0x0000000082b00000, 0x0000000082b00000, 0x0000000082c00000|  0%| F|  |TAMS 0x0000000082b00000, 0x0000000082b00000| Untracked 
|  20|0x0000000082c00000, 0x0000000082c00000, 0x0000000082d00000|  0%| F|  |TAMS 0x0000000082c00000, 0x0000000082c00000| Untracked 
|  21|0x0000000082d00000, 0x0000000082d00000, 0x0000000082e00000|  0%| F|  |TAMS 0x0000000082d00000, 0x0000000082d00000| Untracked 
|  22|0x0000000082e00000, 0x0000000082e00000, 0x0000000082f00000|  0%| F|  |TAMS 0x0000000082e00000, 0x0000000082e00000| Untracked 
|  23|0x0000000082f00000, 0x0000000082f00000, 0x0000000083000000|  0%| F|  |TAMS 0x0000000082f00000, 0x0000000082f00000| Untracked 
|  24|0x0000000083000000, 0x0000000083000000, 0x0000000083100000|  0%| F|  |TAMS 0x0000000083000000, 0x0000000083000000| Untracked 
|  25|0x0000000083100000, 0x0000000083100000, 0x0000000083200000|  0%| F|  |TAMS 0x0000000083100000, 0x0000000083100000| Untracked 
|  26|0x0000000083200000, 0x0000000083200000, 0x0000000083300000|  0%| F|  |TAMS 0x0000000083200000, 0x0000000083200000| Untracked 
|  27|0x0000000083300000, 0x0000000083300000, 0x0000000083400000|  0%| F|  |TAMS 0x0000000083300000, 0x0000000083300000| Untracked 
|  28|0x0000000083400000, 0x0000000083400000, 0x0000000083500000|  0%| F|  |TAMS 0x0000000083400000, 0x0000000083400000| Untracked 
|  29|0x0000000083500000, 0x0000000083500000, 0x0000000083600000|  0%| F|  |TAMS 0x0000000083500000, 0x0000000083500000| Untracked 
|  30|0x0000000083600000, 0x0000000083600000, 0x0000000083700000|  0%| F|  |TAMS 0x0000000083600000, 0x0000000083600000| Untracked 
|  31|0x0000000083700000, 0x0000000083700000, 0x0000000083800000|  0%| F|  |TAMS 0x0000000083700000, 0x0000000083700000| Untracked 
|  32|0x0000000083800000, 0x0000000083800000, 0x0000000083900000|  0%| F|  |TAMS 0x0000000083800000, 0x0000000083800000| Untracked 
|  33|0x0000000083900000, 0x0000000083900000, 0x0000000083a00000|  0%| F|  |TAMS 0x0000000083900000, 0x0000000083900000| Untracked 
|  34|0x0000000083a00000, 0x0000000083a00000, 0x0000000083b00000|  0%| F|  |TAMS 0x0000000083a00000, 0x0000000083a00000| Untracked 
|  35|0x0000000083b00000, 0x0000000083b00000, 0x0000000083c00000|  0%| F|  |TAMS 0x0000000083b00000, 0x0000000083b00000| Untracked 
|  36|0x0000000083c00000, 0x0000000083c00000, 0x0000000083d00000|  0%| F|  |TAMS 0x0000000083c00000, 0x0000000083c00000| Untracked 
|  37|0x0000000083d00000, 0x0000000083d00000, 0x0000000083e00000|  0%| F|  |TAMS 0x0000000083d00000, 0x0000000083d00000| Untracked 
|  38|0x0000000083e00000, 0x0000000083e00000, 0x0000000083f00000|  0%| F|  |TAMS 0x0000000083e00000, 0x0000000083e00000| Untracked 
|  39|0x0000000083f00000, 0x0000000083f00000, 0x0000000084000000|  0%| F|  |TAMS 0x0000000083f00000, 0x0000000083f00000| Untracked 
|  40|0x0000000084000000, 0x0000000084000000, 0x0000000084100000|  0%| F|  |TAMS 0x0000000084000000, 0x0000000084000000| Untracked 
|  41|0x0000000084100000, 0x0000000084100000, 0x0000000084200000|  0%| F|  |TAMS 0x0000000084100000, 0x0000000084100000| Untracked 
|  42|0x0000000084200000, 0x0000000084200000, 0x0000000084300000|  0%| F|  |TAMS 0x0000000084200000, 0x0000000084200000| Untracked 
|  43|0x0000000084300000, 0x0000000084300000, 0x0000000084400000|  0%| F|  |TAMS 0x0000000084300000, 0x0000000084300000| Untracked 
|  44|0x0000000084400000, 0x0000000084400000, 0x0000000084500000|  0%| F|  |TAMS 0x0000000084400000, 0x0000000084400000| Untracked 
|  45|0x0000000084500000, 0x0000000084500000, 0x0000000084600000|  0%| F|  |TAMS 0x0000000084500000, 0x0000000084500000| Untracked 
|  46|0x0000000084600000, 0x0000000084600000, 0x0000000084700000|  0%| F|  |TAMS 0x0000000084600000, 0x0000000084600000| Untracked 
|  47|0x0000000084700000, 0x0000000084700000, 0x0000000084800000|  0%| F|  |TAMS 0x0000000084700000, 0x0000000084700000| Untracked 
|  48|0x0000000084800000, 0x0000000084800000, 0x0000000084900000|  0%| F|  |TAMS 0x0000000084800000, 0x0000000084800000| Untracked 
|  49|0x0000000084900000, 0x0000000084900000, 0x0000000084a00000|  0%| F|  |TAMS 0x0000000084900000, 0x0000000084900000| Untracked 
|  50|0x0000000084a00000, 0x0000000084a00000, 0x0000000084b00000|  0%| F|  |TAMS 0x0000000084a00000, 0x0000000084a00000| Untracked 
|  51|0x0000000084b00000, 0x0000000084b00000, 0x0000000084c00000|  0%| F|  |TAMS 0x0000000084b00000, 0x0000000084b00000| Untracked 
|  52|0x0000000084c00000, 0x0000000084c00000, 0x0000000084d00000|  0%| F|  |TAMS 0x0000000084c00000, 0x0000000084c00000| Untracked 
|  53|0x0000000084d00000, 0x0000000084d00000, 0x0000000084e00000|  0%| F|  |TAMS 0x0000000084d00000, 0x0000000084d00000| Untracked 
|  54|0x0000000084e00000, 0x0000000084e00000, 0x0000000084f00000|  0%| F|  |TAMS 0x0000000084e00000, 0x0000000084e00000| Untracked 
|  55|0x0000000084f00000, 0x0000000084f00000, 0x0000000085000000|  0%| F|  |TAMS 0x0000000084f00000, 0x0000000084f00000| Untracked 
|  56|0x0000000085000000, 0x0000000085000000, 0x0000000085100000|  0%| F|  |TAMS 0x0000000085000000, 0x0000000085000000| Untracked 
|  57|0x0000000085100000, 0x0000000085100000, 0x0000000085200000|  0%| F|  |TAMS 0x0000000085100000, 0x0000000085100000| Untracked 
|  58|0x0000000085200000, 0x0000000085200000, 0x0000000085300000|  0%| F|  |TAMS 0x0000000085200000, 0x0000000085200000| Untracked 
|  59|0x0000000085300000, 0x0000000085300000, 0x0000000085400000|  0%| F|  |TAMS 0x0000000085300000, 0x0000000085300000| Untracked 
|  60|0x0000000085400000, 0x0000000085400000, 0x0000000085500000|  0%| F|  |TAMS 0x0000000085400000, 0x0000000085400000| Untracked 
|  61|0x0000000085500000, 0x0000000085500000, 0x0000000085600000|  0%| F|  |TAMS 0x0000000085500000, 0x0000000085500000| Untracked 
|  62|0x0000000085600000, 0x0000000085600000, 0x0000000085700000|  0%| F|  |TAMS 0x0000000085600000, 0x0000000085600000| Untracked 
|  63|0x0000000085700000, 0x0000000085700000, 0x0000000085800000|  0%| F|  |TAMS 0x0000000085700000, 0x0000000085700000| Untracked 
|  64|0x0000000085800000, 0x0000000085800000, 0x0000000085900000|  0%| F|  |TAMS 0x0000000085800000, 0x0000000085800000| Untracked 
|  65|0x0000000085900000, 0x0000000085900000, 0x0000000085a00000|  0%| F|  |TAMS 0x0000000085900000, 0x0000000085900000| Untracked 
|  66|0x0000000085a00000, 0x0000000085a00000, 0x0000000085b00000|  0%| F|  |TAMS 0x0000000085a00000, 0x0000000085a00000| Untracked 
|  67|0x0000000085b00000, 0x0000000085b00000, 0x0000000085c00000|  0%| F|  |TAMS 0x0000000085b00000, 0x0000000085b00000| Untracked 
|  68|0x0000000085c00000, 0x0000000085c00000, 0x0000000085d00000|  0%| F|  |TAMS 0x0000000085c00000, 0x0000000085c00000| Untracked 
|  69|0x0000000085d00000, 0x0000000085d00000, 0x0000000085e00000|  0%| F|  |TAMS 0x0000000085d00000, 0x0000000085d00000| Untracked 
|  70|0x0000000085e00000, 0x0000000085e00000, 0x0000000085f00000|  0%| F|  |TAMS 0x0000000085e00000, 0x0000000085e00000| Untracked 
|  71|0x0000000085f00000, 0x0000000085f00000, 0x0000000086000000|  0%| F|  |TAMS 0x0000000085f00000, 0x0000000085f00000| Untracked 
|  72|0x0000000086000000, 0x0000000086000000, 0x0000000086100000|  0%| F|  |TAMS 0x0000000086000000, 0x0000000086000000| Untracked 
|  73|0x0000000086100000, 0x0000000086100000, 0x0000000086200000|  0%| F|  |TAMS 0x0000000086100000, 0x0000000086100000| Untracked 
|  74|0x0000000086200000, 0x0000000086200000, 0x0000000086300000|  0%| F|  |TAMS 0x0000000086200000, 0x0000000086200000| Untracked 
|  75|0x0000000086300000, 0x0000000086300000, 0x0000000086400000|  0%| F|  |TAMS 0x0000000086300000, 0x0000000086300000| Untracked 
|  76|0x0000000086400000, 0x0000000086400000, 0x0000000086500000|  0%| F|  |TAMS 0x0000000086400000, 0x0000000086400000| Untracked 
|  77|0x0000000086500000, 0x0000000086500000, 0x0000000086600000|  0%| F|  |TAMS 0x0000000086500000, 0x0000000086500000| Untracked 
|  78|0x0000000086600000, 0x0000000086600000, 0x0000000086700000|  0%| F|  |TAMS 0x0000000086600000, 0x0000000086600000| Untracked 
|  79|0x0000000086700000, 0x0000000086700000, 0x0000000086800000|  0%| F|  |TAMS 0x0000000086700000, 0x0000000086700000| Untracked 
|  80|0x0000000086800000, 0x0000000086800000, 0x0000000086900000|  0%| F|  |TAMS 0x0000000086800000, 0x0000000086800000| Untracked 
|  81|0x0000000086900000, 0x0000000086900000, 0x0000000086a00000|  0%| F|  |TAMS 0x0000000086900000, 0x0000000086900000| Untracked 
|  82|0x0000000086a00000, 0x0000000086a00000, 0x0000000086b00000|  0%| F|  |TAMS 0x0000000086a00000, 0x0000000086a00000| Untracked 
|  83|0x0000000086b00000, 0x0000000086b00000, 0x0000000086c00000|  0%| F|  |TAMS 0x0000000086b00000, 0x0000000086b00000| Untracked 
|  84|0x0000000086c00000, 0x0000000086c00000, 0x0000000086d00000|  0%| F|  |TAMS 0x0000000086c00000, 0x0000000086c00000| Untracked 
|  85|0x0000000086d00000, 0x0000000086d00000, 0x0000000086e00000|  0%| F|  |TAMS 0x0000000086d00000, 0x0000000086d00000| Untracked 
|  86|0x0000000086e00000, 0x0000000086e00000, 0x0000000086f00000|  0%| F|  |TAMS 0x0000000086e00000, 0x0000000086e00000| Untracked 
|  87|0x0000000086f00000, 0x0000000086f00000, 0x0000000087000000|  0%| F|  |TAMS 0x0000000086f00000, 0x0000000086f00000| Untracked 
|  88|0x0000000087000000, 0x0000000087000000, 0x0000000087100000|  0%| F|  |TAMS 0x0000000087000000, 0x0000000087000000| Untracked 
|  89|0x0000000087100000, 0x0000000087100000, 0x0000000087200000|  0%| F|  |TAMS 0x0000000087100000, 0x0000000087100000| Untracked 
|  90|0x0000000087200000, 0x0000000087200000, 0x0000000087300000|  0%| F|  |TAMS 0x0000000087200000, 0x0000000087200000| Untracked 
|  91|0x0000000087300000, 0x0000000087300000, 0x0000000087400000|  0%| F|  |TAMS 0x0000000087300000, 0x0000000087300000| Untracked 
|  92|0x0000000087400000, 0x0000000087400000, 0x0000000087500000|  0%| F|  |TAMS 0x0000000087400000, 0x0000000087400000| Untracked 
|  93|0x0000000087500000, 0x0000000087500800, 0x0000000087600000|  0%| E|  |TAMS 0x0000000087500000, 0x0000000087500000| Complete 
|  94|0x0000000087600000, 0x0000000087700000, 0x0000000087700000|100%| E|CS|TAMS 0x0000000087600000, 0x0000000087600000| Complete 
|  95|0x0000000087700000, 0x00000000877d42e0, 0x0000000087800000| 82%| S|CS|TAMS 0x0000000087700000, 0x0000000087700000| Complete 
|  96|0x0000000087800000, 0x0000000087900000, 0x0000000087900000|100%| S|CS|TAMS 0x0000000087800000, 0x0000000087800000| Complete 
|  97|0x0000000087900000, 0x0000000087a00000, 0x0000000087a00000|100%| S|CS|TAMS 0x0000000087900000, 0x0000000087900000| Complete 
|  98|0x0000000087a00000, 0x0000000087b00000, 0x0000000087b00000|100%| E|CS|TAMS 0x0000000087a00000, 0x0000000087a00000| Complete 
|  99|0x0000000087b00000, 0x0000000087c00000, 0x0000000087c00000|100%| E|CS|TAMS 0x0000000087b00000, 0x0000000087b00000| Complete 
| 100|0x0000000087c00000, 0x0000000087d00000, 0x0000000087d00000|100%| E|CS|TAMS 0x0000000087c00000, 0x0000000087c00000| Complete 
| 101|0x0000000087d00000, 0x0000000087e00000, 0x0000000087e00000|100%| E|CS|TAMS 0x0000000087d00000, 0x0000000087d00000| Complete 
| 102|0x0000000087e00000, 0x0000000087f00000, 0x0000000087f00000|100%| E|CS|TAMS 0x0000000087e00000, 0x0000000087e00000| Complete 
| 103|0x0000000087f00000, 0x0000000088000000, 0x0000000088000000|100%| E|CS|TAMS 0x0000000087f00000, 0x0000000087f00000| Complete 
| 104|0x0000000088000000, 0x0000000088100000, 0x0000000088100000|100%| E|CS|TAMS 0x0000000088000000, 0x0000000088000000| Complete 
| 105|0x0000000088100000, 0x0000000088200000, 0x0000000088200000|100%| E|CS|TAMS 0x0000000088100000, 0x0000000088100000| Complete 
| 106|0x0000000088200000, 0x0000000088300000, 0x0000000088300000|100%| E|CS|TAMS 0x0000000088200000, 0x0000000088200000| Complete 
| 107|0x0000000088300000, 0x0000000088400000, 0x0000000088400000|100%| E|CS|TAMS 0x0000000088300000, 0x0000000088300000| Complete 
| 108|0x0000000088400000, 0x0000000088500000, 0x0000000088500000|100%| E|CS|TAMS 0x0000000088400000, 0x0000000088400000| Complete 
| 109|0x0000000088500000, 0x0000000088600000, 0x0000000088600000|100%| E|CS|TAMS 0x0000000088500000, 0x0000000088500000| Complete 
| 110|0x0000000088600000, 0x0000000088700000, 0x0000000088700000|100%| E|CS|TAMS 0x0000000088600000, 0x0000000088600000| Complete 
| 111|0x0000000088700000, 0x0000000088800000, 0x0000000088800000|100%| E|CS|TAMS 0x0000000088700000, 0x0000000088700000| Complete 
| 112|0x0000000088800000, 0x0000000088900000, 0x0000000088900000|100%| E|CS|TAMS 0x0000000088800000, 0x0000000088800000| Complete 
| 113|0x0000000088900000, 0x0000000088a00000, 0x0000000088a00000|100%| E|CS|TAMS 0x0000000088900000, 0x0000000088900000| Complete 
| 114|0x0000000088a00000, 0x0000000088b00000, 0x0000000088b00000|100%| E|CS|TAMS 0x0000000088a00000, 0x0000000088a00000| Complete 
| 115|0x0000000088b00000, 0x0000000088c00000, 0x0000000088c00000|100%| E|CS|TAMS 0x0000000088b00000, 0x0000000088b00000| Complete 
| 116|0x0000000088c00000, 0x0000000088d00000, 0x0000000088d00000|100%| E|CS|TAMS 0x0000000088c00000, 0x0000000088c00000| Complete 
| 117|0x0000000088d00000, 0x0000000088e00000, 0x0000000088e00000|100%| E|CS|TAMS 0x0000000088d00000, 0x0000000088d00000| Complete 
| 118|0x0000000088e00000, 0x0000000088f00000, 0x0000000088f00000|100%| E|CS|TAMS 0x0000000088e00000, 0x0000000088e00000| Complete 
| 119|0x0000000088f00000, 0x0000000089000000, 0x0000000089000000|100%| E|CS|TAMS 0x0000000088f00000, 0x0000000088f00000| Complete 
| 120|0x0000000089000000, 0x0000000089100000, 0x0000000089100000|100%| E|CS|TAMS 0x0000000089000000, 0x0000000089000000| Complete 
| 121|0x0000000089100000, 0x0000000089200000, 0x0000000089200000|100%| E|CS|TAMS 0x0000000089100000, 0x0000000089100000| Complete 
| 122|0x0000000089200000, 0x0000000089300000, 0x0000000089300000|100%| E|CS|TAMS 0x0000000089200000, 0x0000000089200000| Complete 
| 123|0x0000000089300000, 0x0000000089400000, 0x0000000089400000|100%| E|CS|TAMS 0x0000000089300000, 0x0000000089300000| Complete 
| 124|0x0000000089400000, 0x0000000089500000, 0x0000000089500000|100%| E|CS|TAMS 0x0000000089400000, 0x0000000089400000| Complete 
| 125|0x0000000089500000, 0x0000000089600000, 0x0000000089600000|100%| E|CS|TAMS 0x0000000089500000, 0x0000000089500000| Complete 
| 126|0x0000000089600000, 0x0000000089700000, 0x0000000089700000|100%| E|CS|TAMS 0x0000000089600000, 0x0000000089600000| Complete 
| 127|0x0000000089700000, 0x0000000089800000, 0x0000000089800000|100%| E|CS|TAMS 0x0000000089700000, 0x0000000089700000| Complete 

Card table byte_map: [0x000002e07a160000,0x000002e07a560000] _byte_map_base: 0x000002e079d54000

Marking Bits (Prev, Next): (CMBitMap*) 0x000002e07242c7a0, (CMBitMap*) 0x000002e07242c7e0
 Prev Bits: [0x000002e07a960000, 0x000002e07c900000)
 Next Bits: [0x000002e07c900000, 0x000002e07e8a0000)

Polling page: 0x000002e070f90000

Metaspace:

Usage:
  Non-class:     14.67 MB used.
      Class:      2.46 MB used.
       Both:     17.12 MB used.

Virtual space:
  Non-class space:       16.00 MB reserved,      14.81 MB ( 93%) committed,  2 nodes.
      Class space:        1.00 GB reserved,       2.56 MB ( <1%) committed,  1 nodes.
              Both:        1.02 GB reserved,      17.38 MB (  2%) committed. 

Chunk freelists:
   Non-Class:  1.20 MB
       Class:  1.34 MB
        Both:  2.54 MB

MaxMetaspaceSize: 17179869184.00 GB
CompressedClassSpaceSize: 1.00 GB
 - commit_granule_bytes: 65536.
 - commit_granule_words: 8192.
 - virtual_space_node_default_size: 1048576.
 - enlarge_chunks_in_place: 1.
 - new_chunks_are_fully_committed: 0.
 - uncommit_free_chunks: 1.
 - use_allocation_guard: 0.
 - handle_deallocations: 1.


Internal statistics:

num_allocs_failed_limit: 0.
num_arena_births: 200.
num_arena_deaths: 0.
num_vsnodes_births: 3.
num_vsnodes_deaths: 0.
num_space_committed: 278.
num_space_uncommitted: 0.
num_chunks_returned_to_freelist: 0.
num_chunks_taken_from_freelist: 828.
num_chunk_merges: 0.
num_chunk_splits: 555.
num_chunks_enlarged: 425.
num_purges: 0.

CodeHeap 'non-profiled nmethods': size=120000Kb used=1239Kb max_used=1239Kb free=118760Kb
 bounds [0x000002e00f160000, 0x000002e00f3d0000, 0x000002e016690000]
CodeHeap 'profiled nmethods': size=120000Kb used=4534Kb max_used=4534Kb free=115465Kb
 bounds [0x000002e007c30000, 0x000002e0080a0000, 0x000002e00f160000]
CodeHeap 'non-nmethods': size=5760Kb used=1507Kb max_used=1559Kb free=4252Kb
 bounds [0x000002e007690000, 0x000002e007900000, 0x000002e007c30000]
 total_blobs=3425 nmethods=2610 adapters=728
 compilation: enabled
              stopped_count=0, restarted_count=0
 full_count=0

Compilation events (20 events):
Event: 11.486 Thread 0x000002e07ef9e3f0 nmethod 2601 0x000002e008096c90 code [0x000002e008096ee0, 0x000002e0080978e0]
Event: 11.490 Thread 0x000002e07ef9e3f0 2602       3       java.net.URL::isBuiltinStreamHandler (32 bytes)
Event: 11.491 Thread 0x000002e07ef9e3f0 nmethod 2602 0x000002e008097c90 code [0x000002e008097f80, 0x000002e008099050]
Event: 11.491 Thread 0x000002e07ef9e3f0 2603       3       java.net.URL::isBuiltinStreamHandler (8 bytes)
Event: 11.491 Thread 0x000002e07ef9e3f0 nmethod 2603 0x000002e008099610 code [0x000002e0080997c0, 0x000002e008099980]
Event: 11.494 Thread 0x000002e07ef9e3f0 2604       3       sun.net.util.IPAddressUtil::checkHostString (53 bytes)
Event: 11.495 Thread 0x000002e07ef9e3f0 nmethod 2604 0x000002e008099a90 code [0x000002e008099d60, 0x000002e00809a900]
Event: 11.495 Thread 0x000002e07ef9e3f0 2605       3       sun.net.util.IPAddressUtil::scan (92 bytes)
Event: 11.496 Thread 0x000002e07ef9e3f0 nmethod 2605 0x000002e00809ad90 code [0x000002e00809b000, 0x000002e00809bb70]
Event: 11.497 Thread 0x000002e07ef9e3f0 2606       1       java.util.jar.Attributes$Name::hashCode (5 bytes)
Event: 11.497 Thread 0x000002e07ef9e3f0 nmethod 2606 0x000002e00f295810 code [0x000002e00f2959a0, 0x000002e00f295a70]
Event: 11.498 Thread 0x000002e07ef9e3f0 2607       3       jdk.internal.loader.ClassLoaders::platformClassLoader (4 bytes)
Event: 11.498 Thread 0x000002e07ef9e3f0 nmethod 2607 0x000002e00809c110 code [0x000002e00809c2a0, 0x000002e00809c390]
Event: 11.499 Thread 0x000002e07ef9e3f0 2609       3       jdk.internal.org.objectweb.asm.MethodWriter::visitAnnotation (40 bytes)
Event: 11.499 Thread 0x000002e07ef9e3f0 nmethod 2609 0x000002e00809c410 code [0x000002e00809c5e0, 0x000002e00809c8b0]
Event: 11.499 Thread 0x000002e07ef9e3f0 2610       3       jdk.internal.org.objectweb.asm.AnnotationWriter::create (34 bytes)
Event: 11.499 Thread 0x000002e07ef9e3f0 nmethod 2610 0x000002e00809c990 code [0x000002e00809cb80, 0x000002e00809d030]
Event: 11.499 Thread 0x000002e07ef9e3f0 2611       3       jdk.internal.org.objectweb.asm.AnnotationWriter::<init> (60 bytes)
Event: 11.500 Thread 0x000002e07ef9e3f0 nmethod 2611 0x000002e00809d210 code [0x000002e00809d3e0, 0x000002e00809d7e0]
Event: 11.500 Thread 0x000002e07ef9e3f0 2612   !   3       java.net.URL::<init> (543 bytes)

GC Heap History (4 events):
Event: 1.029 GC heap before
{Heap before GC invocations=0 (full 0):
 garbage-first heap   total 131072K, used 20480K [0x0000000081800000, 0x0000000100000000)
  region size 1024K, 21 young (21504K), 0 survivors (0K)
 Metaspace       used 4155K, committed 4352K, reserved 1056768K
  class space    used 441K, committed 512K, reserved 1048576K
}
Event: 1.034 GC heap after
{Heap after GC invocations=1 (full 0):
 garbage-first heap   total 131072K, used 3601K [0x0000000081800000, 0x0000000100000000)
  region size 1024K, 3 young (3072K), 3 survivors (3072K)
 Metaspace       used 4155K, committed 4352K, reserved 1056768K
  class space    used 441K, committed 512K, reserved 1048576K
}
Event: 1.721 GC heap before
{Heap before GC invocations=1 (full 0):
 garbage-first heap   total 131072K, used 30225K [0x0000000081800000, 0x0000000100000000)
  region size 1024K, 30 young (30720K), 3 survivors (3072K)
 Metaspace       used 11009K, committed 11200K, reserved 1064960K
  class space    used 1458K, committed 1600K, reserved 1048576K
}
Event: 1.727 GC heap after
{Heap after GC invocations=2 (full 0):
 garbage-first heap   total 131072K, used 6739K [0x0000000081800000, 0x0000000100000000)
  region size 1024K, 3 young (3072K), 3 survivors (3072K)
 Metaspace       used 11009K, committed 11200K, reserved 1064960K
  class space    used 1458K, committed 1600K, reserved 1048576K
}

Deoptimization events (20 events):
Event: 5.910 Thread 0x000002e0725bba10 Uncommon trap: trap_request=0xffffff45 fr.pc=0x000002e00f16ccf4 relative=0x00000000000000d4
Event: 5.910 Thread 0x000002e0725bba10 Uncommon trap: reason=unstable_if action=reinterpret pc=0x000002e00f16ccf4 method=java.lang.String.isLatin1()Z @ 10 c2
Event: 5.910 Thread 0x000002e0725bba10 DEOPT PACKING pc=0x000002e00f16ccf4 sp=0x000000fcce0fa5e0
Event: 5.910 Thread 0x000002e0725bba10 DEOPT UNPACKING pc=0x000002e0076dd726 sp=0x000000fcce0fa530 mode 2
Event: 5.943 Thread 0x000002e0725bba10 Uncommon trap: trap_request=0xffffff45 fr.pc=0x000002e00f22bcdc relative=0x000000000000059c
Event: 5.943 Thread 0x000002e0725bba10 Uncommon trap: reason=unstable_if action=reinterpret pc=0x000002e00f22bcdc method=java.lang.AbstractStringBuilder.putStringAt(ILjava/lang/String;II)V @ 8 c2
Event: 5.943 Thread 0x000002e0725bba10 DEOPT PACKING pc=0x000002e00f22bcdc sp=0x000000fcce0faf70
Event: 5.943 Thread 0x000002e0725bba10 DEOPT UNPACKING pc=0x000002e0076dd726 sp=0x000000fcce0fae38 mode 2
Event: 5.944 Thread 0x000002e0725bba10 Uncommon trap: trap_request=0xffffff45 fr.pc=0x000002e00f1a5838 relative=0x0000000000000578
Event: 5.944 Thread 0x000002e0725bba10 Uncommon trap: reason=unstable_if action=reinterpret pc=0x000002e00f1a5838 method=java.lang.AbstractStringBuilder.putStringAt(ILjava/lang/String;II)V @ 8 c2
Event: 5.944 Thread 0x000002e0725bba10 DEOPT PACKING pc=0x000002e00f1a5838 sp=0x000000fcce0fada0
Event: 5.944 Thread 0x000002e0725bba10 DEOPT UNPACKING pc=0x000002e0076dd726 sp=0x000000fcce0facc0 mode 2
Event: 11.465 Thread 0x000002e0725bba10 DEOPT PACKING pc=0x000002e008055cac sp=0x000000fcce0fb690
Event: 11.465 Thread 0x000002e0725bba10 DEOPT UNPACKING pc=0x000002e0076ddec6 sp=0x000000fcce0fab60 mode 1
Event: 11.501 Thread 0x000002e0725bba10 DEOPT PACKING pc=0x000002e007d5111c sp=0x000000fcce0f7cf0
Event: 11.501 Thread 0x000002e0725bba10 DEOPT UNPACKING pc=0x000002e0076ddec6 sp=0x000000fcce0f7188 mode 1
Event: 11.501 Thread 0x000002e0725bba10 DEOPT PACKING pc=0x000002e007d4fb64 sp=0x000000fcce0f7dc0
Event: 11.501 Thread 0x000002e0725bba10 DEOPT UNPACKING pc=0x000002e0076ddec6 sp=0x000000fcce0f7278 mode 1
Event: 11.502 Thread 0x000002e0211c5440 DEOPT PACKING pc=0x000002e007e19354 sp=0x000000fccf7cf0d0
Event: 11.502 Thread 0x000002e0211c5440 DEOPT UNPACKING pc=0x000002e0076ddec6 sp=0x000000fccf7ce530 mode 1

Classes unloaded (0 events):
No events

Classes redefined (0 events):
No events

Internal exceptions (20 events):
Event: 1.360 Thread 0x000002e0725bba10 Exception <a 'java/lang/NoSuchMethodError'{0x0000000088953850}: 'void java.lang.invoke.DirectMethodHandle$Holder.invokeStaticInit(java.lang.Object, java.lang.Object)'> (0x0000000088953850) 
thrown [t:\workspace\open\src\hotspot\share\interpreter\linkResolver.cpp, line 790]
Event: 1.528 Thread 0x000002e0725bba10 Implicit null exception at 0x000002e00f1b5393 to 0x000002e00f1b5850
Event: 1.696 Thread 0x000002e0725bba10 Exception <a 'java/lang/NoSuchMethodError'{0x0000000087a0e858}: 'java.lang.Object java.lang.invoke.DirectMethodHandle$Holder.invokeInterface(java.lang.Object, java.lang.Object, java.lang.Object)'> (0x0000000087a0e858) 
thrown [t:\workspace\open\src\hotspot\share\interpreter\linkResolver.cpp, line 790]
Event: 1.697 Thread 0x000002e0725bba10 Exception <a 'java/lang/IncompatibleClassChangeError'{0x0000000087a123d8}: Found class java.lang.Object, but interface was expected> (0x0000000087a123d8) 
thrown [t:\workspace\open\src\hotspot\share\interpreter\linkResolver.cpp, line 857]
Event: 1.751 Thread 0x000002e0725bba10 Exception <a 'java/lang/NoSuchMethodError'{0x0000000089629050}: 'void java.lang.invoke.DirectMethodHandle$Holder.invokeSpecialIFC(java.lang.Object, java.lang.Object, java.lang.Object, java.lang.Object)'> (0x0000000089629050) 
thrown [t:\workspace\open\src\hotspot\share\interpreter\linkResolver.cpp, line 790]
Event: 1.764 Thread 0x000002e0725bba10 Exception <a 'java/lang/ClassNotFoundException'{0x00000000896893f8}: com/sun/javafx/scene/control/skin/resources/controls> (0x00000000896893f8) 
thrown [t:\workspace\open\src\hotspot\share\prims\jni.cpp, line 600]
Event: 1.766 Thread 0x000002e0725bba10 Exception <a 'java/lang/ClassNotFoundException'{0x0000000089696f08}: com/sun/javafx/scene/control/skin/resources/controls_ru> (0x0000000089696f08) 
thrown [t:\workspace\open\src\hotspot\share\prims\jni.cpp, line 600]
Event: 1.766 Thread 0x000002e0725bba10 Exception <a 'java/lang/ClassNotFoundException'{0x00000000896985b0}: com/sun/javafx/scene/control/skin/resources/controls_ru_RU> (0x00000000896985b0) 
thrown [t:\workspace\open\src\hotspot\share\prims\jni.cpp, line 600]
Event: 1.821 Thread 0x000002e0725bba10 Exception <a 'java/lang/NoSuchMethodError'{0x000000008948e9a8}: 'int java.lang.invoke.DirectMethodHandle$Holder.invokeSpecial(java.lang.Object, java.lang.Object, int)'> (0x000000008948e9a8) 
thrown [t:\workspace\open\src\hotspot\share\interpreter\linkResolver.cpp, line 790]
Event: 1.952 Thread 0x000002e0725bba10 Exception <a 'java/lang/NoSuchMethodError'{0x0000000088f2cda8}: 'void java.lang.invoke.DirectMethodHandle$Holder.invokeSpecial(java.lang.Object, java.lang.Object, java.lang.Object, java.lang.Object, java.lang.Object, java.lang.Object)'> (0x0000000088f2cda8) 
thrown [t:\workspace\open\src\hotspot\share\interpreter\linkResolver.cpp, line 790]
Event: 2.091 Thread 0x000002e0725bba10 Exception <a 'java/lang/NoSuchMethodError'{0x0000000088a7d738}: 'java.lang.Object java.lang.invoke.DirectMethodHandle$Holder.newInvokeSpecial(java.lang.Object, java.lang.Object, int)'> (0x0000000088a7d738) 
thrown [t:\workspace\open\src\hotspot\share\interpreter\linkResolver.cpp, line 790]
Event: 2.136 Thread 0x000002e0725b9f80 Exception <a 'java/lang/NoSuchMethodError'{0x000000008899f1b8}: 'int java.lang.invoke.DirectMethodHandle$Holder.invokeStaticInit(java.lang.Object, java.lang.Object)'> (0x000000008899f1b8) 
thrown [t:\workspace\open\src\hotspot\share\interpreter\linkResolver.cpp, line 790]
Event: 3.901 Thread 0x000002e0725bba10 Exception <a 'java/lang/NoSuchMethodError'{0x00000000884b7a38}: 'long java.lang.invoke.DirectMethodHandle$Holder.invokeStatic(java.lang.Object, java.lang.Object, java.lang.Object)'> (0x00000000884b7a38) 
thrown [t:\workspace\open\src\hotspot\share\interpreter\linkResolver.cpp, line 790]
Event: 3.901 Thread 0x000002e0725bba10 Exception <a 'java/lang/NoSuchMethodError'{0x00000000884bb690}: 'long java.lang.invoke.DirectMethodHandle$Holder.invokeStaticInit(java.lang.Object, java.lang.Object, java.lang.Object)'> (0x00000000884bb690) 
thrown [t:\workspace\open\src\hotspot\share\interpreter\linkResolver.cpp, line 790]
Event: 3.903 Thread 0x000002e0725bba10 Exception <a 'java/lang/NoSuchMethodError'{0x00000000884d3858}: 'java.lang.Object java.lang.invoke.DirectMethodHandle$Holder.newInvokeSpecial(java.lang.Object, java.lang.Object, long)'> (0x00000000884d3858) 
thrown [t:\workspace\open\src\hotspot\share\interpreter\linkResolver.cpp, line 790]
Event: 3.904 Thread 0x000002e0725bba10 Exception <a 'java/lang/NoSuchMethodError'{0x00000000884d75c8}: 'java.lang.Object java.lang.invoke.Invokers$Holder.linkToTargetMethod(java.lang.Object, long, java.lang.Object)'> (0x00000000884d75c8) 
thrown [t:\workspace\open\src\hotspot\share\interpreter\linkResolver.cpp, line 790]
Event: 4.049 Thread 0x000002e0725b9f80 Exception <a 'java/lang/NoSuchMethodError'{0x000000008854a130}: 'java.lang.Object java.lang.invoke.DirectMethodHandle$Holder.invokeStaticInit(java.lang.Object, int)'> (0x000000008854a130) 
thrown [t:\workspace\open\src\hotspot\share\interpreter\linkResolver.cpp, line 790]
Event: 4.110 Thread 0x000002e0725bba10 Implicit null exception at 0x000002e00f24753d to 0x000002e00f249d04
Event: 5.923 Thread 0x000002e0725bba10 Exception <a 'java/lang/ClassNotFoundException'{0x0000000087f6fe28}: sun/util/logging/resources/spi/loggingProvider> (0x0000000087f6fe28) 
thrown [t:\workspace\open\src\hotspot\share\classfile\systemDictionary.cpp, line 256]
Event: 11.499 Thread 0x000002e0725bba10 Exception <a 'java/lang/NoSuchMethodError'{0x0000000087a83448}: 'java.lang.Object java.lang.invoke.DirectMethodHandle$Holder.invokeInterface(java.lang.Object, java.lang.Object)'> (0x0000000087a83448) 
thrown [t:\workspace\open\src\hotspot\share\interpreter\linkResolver.cpp, line 790]

Events (20 events):
Event: 11.498 loading class java/util/ServiceLoader$ProviderSpliterator
Event: 11.498 loading class java/util/ServiceLoader$ProviderSpliterator done
Event: 11.499 loading class jdk/internal/misc/Signal$1
Event: 11.499 loading class jdk/internal/misc/Signal$1 done
Event: 11.499 Thread 0x000002e0211c1f20 Thread added: 0x000002e0211c1f20
Event: 11.500 Thread 0x000002e0211c6ed0 Thread added: 0x000002e0211c6ed0
Event: 11.500 Thread 0x000002e0211c5440 Thread added: 0x000002e0211c5440
Event: 11.500 loading class com/sun/javafx/tk/quantum/QuantumRenderer
Event: 11.500 loading class com/sun/javafx/tk/quantum/QuantumRenderer done
Event: 11.501 loading class com/mysql/cj/LocalizedErrorMessages
Event: 11.501 loading class com/mysql/cj/LocalizedErrorMessages done
Event: 11.501 loading class java/util/zip/ZipFile$ZipEntryIterator
Event: 11.501 loading class java/util/zip/ZipFile$ZipEntryIterator done
Event: 11.501 loading class java/util/ResourceBundle$Control$2
Event: 11.501 loading class java/util/ResourceBundle$Control$2 done
Event: 11.502 loading class com/sun/javafx/tk/quantum/QuantumToolkit
Event: 11.502 loading class com/sun/javafx/tk/quantum/QuantumToolkit done
Event: 11.502 Thread 0x000002e0211c5440 Thread exited: 0x000002e0211c5440
Event: 11.502 Thread 0x000002e0211c6ed0 Thread exited: 0x000002e0211c6ed0
Event: 11.503 Executing  VM operation: Exit


Dynamic libraries:
0x00007ff61ab50000 - 0x00007ff61ab5e000 	D:\Users\cargomaster\.jdks\openjdk-16.0.1\bin\java.exe
0x00007ff9434b0000 - 0x00007ff943681000 	C:\WINDOWS\SYSTEM32\ntdll.dll
0x00007ff942e50000 - 0x00007ff942efb000 	C:\WINDOWS\System32\KERNEL32.DLL
0x00007ff9407a0000 - 0x00007ff9409bd000 	C:\WINDOWS\System32\KERNELBASE.dll
0x00007ff9404d0000 - 0x00007ff9405c5000 	C:\WINDOWS\System32\ucrtbase.dll
0x00007ff937d90000 - 0x00007ff937da8000 	D:\Users\cargomaster\.jdks\openjdk-16.0.1\bin\jli.dll
0x00007ff942f00000 - 0x00007ff943065000 	C:\WINDOWS\System32\USER32.dll
0x00007ff9409c0000 - 0x00007ff9409de000 	C:\WINDOWS\System32\win32u.dll
0x00007ff942da0000 - 0x00007ff942dd4000 	C:\WINDOWS\System32\GDI32.dll
0x00007ff9402f0000 - 0x00007ff940472000 	C:\WINDOWS\System32\gdi32full.dll
0x00007ff9371a0000 - 0x00007ff9371b9000 	D:\Users\cargomaster\.jdks\openjdk-16.0.1\bin\VCRUNTIME140.dll
0x00007ff935170000 - 0x00007ff9353ea000 	C:\WINDOWS\WinSxS\amd64_microsoft.windows.common-controls_6595b64144ccf1df_6.0.14393.953_none_42151e83c686086b\COMCTL32.dll
0x00007ff9433a0000 - 0x00007ff94343e000 	C:\WINDOWS\System32\msvcrt.dll
0x00007ff9412e0000 - 0x00007ff9415a8000 	C:\WINDOWS\System32\combase.dll
0x00007ff943070000 - 0x00007ff943191000 	C:\WINDOWS\System32\RPCRT4.dll
0x00007ff9405d0000 - 0x00007ff94063a000 	C:\WINDOWS\System32\bcryptPrimitives.dll
0x00007ff943210000 - 0x00007ff94323e000 	C:\WINDOWS\System32\IMM32.DLL
0x00007ff93f6c0000 - 0x00007ff93f7b7000 	C:\Windows\system32\guard64.dll
0x00007ff942cf0000 - 0x00007ff942d92000 	C:\WINDOWS\System32\ADVAPI32.dll
0x00007ff9415b0000 - 0x00007ff941609000 	C:\WINDOWS\System32\sechost.dll
0x00007ff93f6b0000 - 0x00007ff93f6ba000 	C:\WINDOWS\system32\version.dll
0x00007ff940fe0000 - 0x00007ff941117000 	C:\WINDOWS\System32\ole32.dll
0x00007ff93f6a0000 - 0x00007ff93f6aa000 	C:\WINDOWS\system32\fltlib.dll
0x00007ff9417e0000 - 0x00007ff942ce9000 	C:\WINDOWS\System32\shell32.dll
0x00007ff940480000 - 0x00007ff9404c2000 	C:\WINDOWS\System32\cfgmgr32.dll
0x00007ff93f9a0000 - 0x00007ff94007a000 	C:\WINDOWS\System32\windows.storage.dll
0x00007ff93f910000 - 0x00007ff93f95c000 	C:\WINDOWS\System32\powrprof.dll
0x00007ff943440000 - 0x00007ff943492000 	C:\WINDOWS\System32\shlwapi.dll
0x00007ff93f970000 - 0x00007ff93f97f000 	C:\WINDOWS\System32\kernel.appcore.dll
0x00007ff9406f0000 - 0x00007ff940799000 	C:\WINDOWS\System32\shcore.dll
0x00007ff93f980000 - 0x00007ff93f994000 	C:\WINDOWS\System32\profapi.dll
0x00007ff93d040000 - 0x00007ff93d04c000 	D:\Users\cargomaster\.jdks\openjdk-16.0.1\bin\vcruntime140_1.dll
0x00007ff92eee0000 - 0x00007ff92ef71000 	D:\Users\cargomaster\.jdks\openjdk-16.0.1\bin\msvcp140.dll
0x000002e071010000 - 0x000002e071bbb000 	D:\Users\cargomaster\.jdks\openjdk-16.0.1\bin\server\jvm.dll
0x00007ff9434a0000 - 0x00007ff9434a8000 	C:\WINDOWS\System32\PSAPI.DLL
0x00007ff930320000 - 0x00007ff930329000 	C:\WINDOWS\SYSTEM32\WSOCK32.dll
0x00007ff942de0000 - 0x00007ff942e4a000 	C:\WINDOWS\System32\WS2_32.dll
0x00007ff93d730000 - 0x00007ff93d753000 	C:\WINDOWS\SYSTEM32\WINMM.dll
0x00007ff93d6d0000 - 0x00007ff93d6fb000 	C:\WINDOWS\SYSTEM32\WINMMBASE.dll
0x00007ff937190000 - 0x00007ff93719a000 	D:\Users\cargomaster\.jdks\openjdk-16.0.1\bin\jimage.dll
0x00007ff92fe70000 - 0x00007ff930002000 	C:\WINDOWS\SYSTEM32\DBGHELP.DLL
0x00007ff92fe40000 - 0x00007ff92fe69000 	C:\WINDOWS\SYSTEM32\dbgcore.DLL
0x00007ff932730000 - 0x00007ff93276b000 	D:\Users\cargomaster\.jdks\openjdk-16.0.1\bin\jdwp.dll
0x00007ff939860000 - 0x00007ff93986e000 	D:\Users\cargomaster\.jdks\openjdk-16.0.1\bin\instrument.dll
0x00007ff934610000 - 0x00007ff934635000 	D:\Users\cargomaster\.jdks\openjdk-16.0.1\bin\java.dll
0x00007ff9345c0000 - 0x00007ff9345d9000 	D:\users\cargomaster\.jdks\openjdk-16.0.1\bin\net.dll
0x00007ff93ad40000 - 0x00007ff93ae0d000 	C:\WINDOWS\SYSTEM32\WINHTTP.dll
0x00007ff93f120000 - 0x00007ff93f17c000 	C:\WINDOWS\system32\mswsock.dll
0x00007ff9341c0000 - 0x00007ff9341d3000 	D:\users\cargomaster\.jdks\openjdk-16.0.1\bin\nio.dll
0x00007ff934060000 - 0x00007ff934078000 	D:\users\cargomaster\.jdks\openjdk-16.0.1\bin\zip.dll
0x00007ff939850000 - 0x00007ff93985c000 	D:\Users\cargomaster\.jdks\openjdk-16.0.1\bin\dt_socket.dll
0x00007ff93eea0000 - 0x00007ff93eed8000 	C:\WINDOWS\SYSTEM32\IPHLPAPI.DLL
0x000002e070fd0000 - 0x000002e070fd3000 	D:\Coding\java_libs\javafx-sdk-11.0.2\bin\api-ms-win-core-console-l1-1-0.dll
0x000002e070fe0000 - 0x000002e070fe3000 	D:\Coding\java_libs\javafx-sdk-11.0.2\bin\api-ms-win-core-datetime-l1-1-0.dll
0x000002e070ff0000 - 0x000002e070ff3000 	D:\Coding\java_libs\javafx-sdk-11.0.2\bin\api-ms-win-core-debug-l1-1-0.dll
0x000002e072390000 - 0x000002e072393000 	D:\Coding\java_libs\javafx-sdk-11.0.2\bin\api-ms-win-core-errorhandling-l1-1-0.dll
0x000002e0723a0000 - 0x000002e0723a4000 	D:\Coding\java_libs\javafx-sdk-11.0.2\bin\api-ms-win-core-file-l1-1-0.dll
0x000002e0723b0000 - 0x000002e0723b3000 	D:\Coding\java_libs\javafx-sdk-11.0.2\bin\api-ms-win-core-file-l1-2-0.dll
0x000002e07ff60000 - 0x000002e07ff63000 	D:\Coding\java_libs\javafx-sdk-11.0.2\bin\api-ms-win-core-file-l2-1-0.dll
0x000002e07ff70000 - 0x000002e07ff73000 	D:\Coding\java_libs\javafx-sdk-11.0.2\bin\api-ms-win-core-handle-l1-1-0.dll
0x000002e07ff80000 - 0x000002e07ff83000 	D:\Coding\java_libs\javafx-sdk-11.0.2\bin\api-ms-win-core-heap-l1-1-0.dll
0x000002e07ff90000 - 0x000002e07ff93000 	D:\Coding\java_libs\javafx-sdk-11.0.2\bin\api-ms-win-core-interlocked-l1-1-0.dll
0x000002e07ffa0000 - 0x000002e07ffa3000 	D:\Coding\java_libs\javafx-sdk-11.0.2\bin\api-ms-win-core-libraryloader-l1-1-0.dll
0x000002e07fe00000 - 0x000002e07fe03000 	D:\Coding\java_libs\javafx-sdk-11.0.2\bin\api-ms-win-core-localization-l1-2-0.dll
0x000002e07fe10000 - 0x000002e07fe13000 	D:\Coding\java_libs\javafx-sdk-11.0.2\bin\api-ms-win-core-memory-l1-1-0.dll
0x000002e07fe20000 - 0x000002e07fe23000 	D:\Coding\java_libs\javafx-sdk-11.0.2\bin\api-ms-win-core-namedpipe-l1-1-0.dll
0x000002e07fe30000 - 0x000002e07fe33000 	D:\Coding\java_libs\javafx-sdk-11.0.2\bin\api-ms-win-core-processenvironment-l1-1-0.dll
0x000002e07fe40000 - 0x000002e07fe43000 	D:\Coding\java_libs\javafx-sdk-11.0.2\bin\api-ms-win-core-processthreads-l1-1-0.dll
0x000002e07fe50000 - 0x000002e07fe53000 	D:\Coding\java_libs\javafx-sdk-11.0.2\bin\api-ms-win-core-processthreads-l1-1-1.dll
0x000002e07fe60000 - 0x000002e07fe63000 	D:\Coding\java_libs\javafx-sdk-11.0.2\bin\api-ms-win-core-profile-l1-1-0.dll
0x000002e07fe70000 - 0x000002e07fe73000 	D:\Coding\java_libs\javafx-sdk-11.0.2\bin\api-ms-win-core-rtlsupport-l1-1-0.dll
0x000002e07fe80000 - 0x000002e07fe83000 	D:\Coding\java_libs\javafx-sdk-11.0.2\bin\api-ms-win-core-string-l1-1-0.dll
0x000002e07fe90000 - 0x000002e07fe93000 	D:\Coding\java_libs\javafx-sdk-11.0.2\bin\api-ms-win-core-synch-l1-1-0.dll
0x000002e07fea0000 - 0x000002e07fea3000 	D:\Coding\java_libs\javafx-sdk-11.0.2\bin\api-ms-win-core-synch-l1-2-0.dll
0x000002e07feb0000 - 0x000002e07feb3000 	D:\Coding\java_libs\javafx-sdk-11.0.2\bin\api-ms-win-core-sysinfo-l1-1-0.dll
0x000002e07fec0000 - 0x000002e07fec3000 	D:\Coding\java_libs\javafx-sdk-11.0.2\bin\api-ms-win-core-timezone-l1-1-0.dll
0x000002e07fed0000 - 0x000002e07fed3000 	D:\Coding\java_libs\javafx-sdk-11.0.2\bin\api-ms-win-core-util-l1-1-0.dll
0x000002e07fee0000 - 0x000002e07fee3000 	D:\Coding\java_libs\javafx-sdk-11.0.2\bin\api-ms-win-crt-conio-l1-1-0.dll
0x000002e07fef0000 - 0x000002e07fef4000 	D:\Coding\java_libs\javafx-sdk-11.0.2\bin\api-ms-win-crt-convert-l1-1-0.dll
0x000002e07ff00000 - 0x000002e07ff03000 	D:\Coding\java_libs\javafx-sdk-11.0.2\bin\api-ms-win-crt-environment-l1-1-0.dll
0x000002e07ff10000 - 0x000002e07ff13000 	D:\Coding\java_libs\javafx-sdk-11.0.2\bin\api-ms-win-crt-filesystem-l1-1-0.dll
0x000002e07ff20000 - 0x000002e07ff23000 	D:\Coding\java_libs\javafx-sdk-11.0.2\bin\api-ms-win-crt-heap-l1-1-0.dll
0x000002e07ff30000 - 0x000002e07ff33000 	D:\Coding\java_libs\javafx-sdk-11.0.2\bin\api-ms-win-crt-locale-l1-1-0.dll
0x000002e07ff40000 - 0x000002e07ff45000 	D:\Coding\java_libs\javafx-sdk-11.0.2\bin\api-ms-win-crt-math-l1-1-0.dll
0x000002e07ff50000 - 0x000002e07ff55000 	D:\Coding\java_libs\javafx-sdk-11.0.2\bin\api-ms-win-crt-multibyte-l1-1-0.dll
0x000002e07ffb0000 - 0x000002e07ffc0000 	D:\Coding\java_libs\javafx-sdk-11.0.2\bin\api-ms-win-crt-private-l1-1-0.dll
0x000002e07ffc0000 - 0x000002e07ffc3000 	D:\Coding\java_libs\javafx-sdk-11.0.2\bin\api-ms-win-crt-process-l1-1-0.dll
0x000002e07ffd0000 - 0x000002e07ffd4000 	D:\Coding\java_libs\javafx-sdk-11.0.2\bin\api-ms-win-crt-runtime-l1-1-0.dll
0x000002e07ffe0000 - 0x000002e07ffe4000 	D:\Coding\java_libs\javafx-sdk-11.0.2\bin\api-ms-win-crt-stdio-l1-1-0.dll
0x000002e07fff0000 - 0x000002e07fff4000 	D:\Coding\java_libs\javafx-sdk-11.0.2\bin\api-ms-win-crt-string-l1-1-0.dll
0x000002e01a090000 - 0x000002e01a093000 	D:\Coding\java_libs\javafx-sdk-11.0.2\bin\api-ms-win-crt-time-l1-1-0.dll
0x000002e01a0a0000 - 0x000002e01a0a3000 	D:\Coding\java_libs\javafx-sdk-11.0.2\bin\api-ms-win-crt-utility-l1-1-0.dll
0x00007ff90a470000 - 0x00007ff90a56a000 	D:\Coding\java_libs\javafx-sdk-11.0.2\bin\ucrtbase.dll
0x00007ff936660000 - 0x00007ff936676000 	D:\Coding\java_libs\javafx-sdk-11.0.2\bin\vcruntime140.dll
0x00007ff91dea0000 - 0x00007ff91df46000 	D:\Coding\java_libs\javafx-sdk-11.0.2\bin\msvcp140.dll
0x00007ff9222c0000 - 0x00007ff922311000 	D:\Coding\java_libs\javafx-sdk-11.0.2\bin\concrt140.dll
0x00007ff92f020000 - 0x00007ff92f043000 	D:\Coding\java_libs\javafx-sdk-11.0.2\bin\prism_d3d.dll
0x00007ff93b0d0000 - 0x00007ff93b25d000 	C:\WINDOWS\system32\d3d9.dll
0x00007ff93d5c0000 - 0x00007ff93d5e6000 	C:\WINDOWS\SYSTEM32\dwmapi.dll
0x00007ff93df70000 - 0x00007ff93e005000 	C:\WINDOWS\system32\uxtheme.dll
0x00007ff940080000 - 0x00007ff940249000 	C:\WINDOWS\System32\crypt32.dll
0x00007ff93f960000 - 0x00007ff93f970000 	C:\WINDOWS\System32\MSASN1.dll
0x00007ff9409e0000 - 0x00007ff940a35000 	C:\WINDOWS\System32\WINTRUST.DLL
0x00007ff941120000 - 0x00007ff94113c000 	C:\WINDOWS\System32\imagehlp.dll
0x00007ff93f2c0000 - 0x00007ff93f2d7000 	C:\WINDOWS\SYSTEM32\CRYPTSP.dll
0x00007ff93ed20000 - 0x00007ff93ed53000 	C:\WINDOWS\system32\rsaenh.dll
0x00007ff93f670000 - 0x00007ff93f69b000 	C:\WINDOWS\SYSTEM32\bcrypt.dll
0x00007ff93f2e0000 - 0x00007ff93f2eb000 	C:\WINDOWS\SYSTEM32\CRYPTBASE.dll
0x00007ff9345b0000 - 0x00007ff9345c0000 	D:\Users\cargomaster\.jdks\openjdk-16.0.1\bin\verify.dll
0x00007ff924c00000 - 0x00007ff924c45000 	D:\Coding\java_libs\javafx-sdk-11.0.2\bin\glass.dll
0x00007ff940e70000 - 0x00007ff940f6a000 	C:\WINDOWS\System32\COMDLG32.dll
0x00007ff941620000 - 0x00007ff9416df000 	C:\WINDOWS\System32\OLEAUT32.dll
0x00007ff940250000 - 0x00007ff9402ec000 	C:\WINDOWS\System32\msvcp_win.dll
0x00007ff943240000 - 0x00007ff94339a000 	C:\WINDOWS\System32\MSCTF.dll
0x00007ff93e6e0000 - 0x00007ff93e703000 	C:\WINDOWS\SYSTEM32\gpapi.dll
0x00007ff93be90000 - 0x00007ff93bebf000 	C:\WINDOWS\SYSTEM32\cryptnet.dll
0x00007ff930dd0000 - 0x00007ff930de4000 	D:\Coding\java_libs\javafx-sdk-11.0.2\bin\javafx_font.dll
0x00007ff937b00000 - 0x00007ff937d69000 	C:\WINDOWS\SYSTEM32\dwrite.dll
0x00007ff9416e0000 - 0x00007ff94177f000 	C:\WINDOWS\System32\clbcatq.dll
0x00007ff93cbb0000 - 0x00007ff93cd58000 	C:\WINDOWS\SYSTEM32\WindowsCodecs.dll
0x00007ff934300000 - 0x00007ff934349000 	C:\WINDOWS\system32\dataexchange.dll
0x00007ff93c010000 - 0x00007ff93c2c6000 	C:\WINDOWS\system32\d3d11.dll
0x00007ff93d8e0000 - 0x00007ff93da31000 	C:\WINDOWS\system32\dcomp.dll
0x00007ff93e770000 - 0x00007ff93e80f000 	C:\WINDOWS\system32\dxgi.dll
0x00007ff93e210000 - 0x00007ff93e32c000 	C:\WINDOWS\system32\twinapi.appcore.dll
0x00007ff92df60000 - 0x00007ff92df92000 	C:\Program Files\Common Files\Microsoft Shared\Ink\rtscom.dll

dbghelp: loaded successfully - version: 4.0.5 - missing functions: none
symbol engine: initialized successfully - sym options: 0x614 - pdb path: .;D:\Users\cargomaster\.jdks\openjdk-16.0.1\bin;C:\WINDOWS\SYSTEM32;C:\WINDOWS\WinSxS\amd64_microsoft.windows.common-controls_6595b64144ccf1df_6.0.14393.953_none_42151e83c686086b;D:\Users\cargomaster\.jdks\openjdk-16.0.1\bin\server;D:\Coding\java_libs\javafx-sdk-11.0.2\bin;C:\WINDOWS\System32\DriverStore\FileRepository\nv_dispi.inf_amd64_040c7acb04cee565;C:\Program Files\Common Files\Microsoft Shared\Ink

VM Arguments:
jvm_args: -agentlib:jdwp=transport=dt_socket,address=127.0.0.1:1040,suspend=y,server=n --module-path=D:\Coding\java_libs\javafx-sdk-11.0.2\lib --add-modules=javafx.controls,javafx.fxml -javaagent:D:\Users\cargomaster\AppData\Local\JetBrains\IdeaIC2021.1\captureAgent\debugger-agent.jar -Dfile.encoding=UTF-8 
java_command: sample.Main
java_class_path (initial): C:\dev\car_service\out\production\car_service;C:\dev\java_libs\javafx-sdk-11.0.2\lib\src.zip;C:\dev\java_libs\javafx-sdk-11.0.2\lib\javafx-swt.jar;C:\dev\java_libs\javafx-sdk-11.0.2\lib\javafx.web.jar;C:\dev\java_libs\javafx-sdk-11.0.2\lib\javafx.base.jar;C:\dev\java_libs\javafx-sdk-11.0.2\lib\javafx.fxml.jar;C:\dev\java_libs\javafx-sdk-11.0.2\lib\javafx.media.jar;C:\dev\java_libs\javafx-sdk-11.0.2\lib\javafx.swing.jar;C:\dev\java_libs\javafx-sdk-11.0.2\lib\javafx.controls.jar;C:\dev\java_libs\javafx-sdk-11.0.2\lib\javafx.graphics.jar;C:\dev\java_libs\mysql\mysql-connector-java-8.0.24.jar;C:\Program Files\JetBrains\IntelliJ IDEA Community Edition 2021.1\lib\idea_rt.jar
Launcher Type: SUN_STANDARD

[Global flags]
     intx CICompilerCount                          = 3                                         {product} {ergonomic}
     uint ConcGCThreads                            = 2                                         {product} {ergonomic}
     uint G1ConcRefinementThreads                  = 6                                         {product} {ergonomic}
   size_t G1HeapRegionSize                         = 1048576                                   {product} {ergonomic}
    uintx GCDrainStackTargetSize                   = 64                                        {product} {ergonomic}
   size_t InitialHeapSize                          = 134217728                                 {product} {ergonomic}
   size_t MarkStackSize                            = 4194304                                   {product} {ergonomic}
   size_t MaxHeapSize                              = 2122317824                                {product} {ergonomic}
   size_t MaxNewSize                               = 1272971264                                {product} {ergonomic}
   size_t MinHeapDeltaBytes                        = 1048576                                   {product} {ergonomic}
   size_t MinHeapSize                              = 8388608                                   {product} {ergonomic}
    uintx NonNMethodCodeHeapSize                   = 5832780                                {pd product} {ergonomic}
    uintx NonProfiledCodeHeapSize                  = 122912730                              {pd product} {ergonomic}
    uintx ProfiledCodeHeapSize                     = 122912730                              {pd product} {ergonomic}
    uintx ReservedCodeCacheSize                    = 251658240                              {pd product} {ergonomic}
     bool SegmentedCodeCache                       = true                                      {product} {ergonomic}
   size_t SoftMaxHeapSize                          = 2122317824                             {manageable} {ergonomic}
     bool UseCompressedClassPointers               = true                           {product lp64_product} {ergonomic}
     bool UseCompressedOops                        = true                           {product lp64_product} {ergonomic}
     bool UseG1GC                                  = true                                      {product} {ergonomic}
     bool UseLargePagesIndividualAllocation        = false                                  {pd product} {ergonomic}

Logging:
Log output configuration:
 #0: stdout all=off uptime,level,tags
 #1: stderr all=off uptime,level,tags

Environment Variables:
PATH=C:\Program Files (x86)\Common Files\Oracle\Java\javapath;D:\Python\Python3.7\Scripts\;D:\Python\Python3.7\;C:\WINDOWS\system32;C:\WINDOWS;C:\WINDOWS\System32\Wbem;C:\WINDOWS\System32\WindowsPowerShell\v1.0\;C:\Program Files\MySQL\MySQL Server 5.1\bin;C:\Program Files\MySQL\MySQL Utilities 1.6\;C:\Program Files (x86)\GtkSharp\2.12\bin;C:\Program Files\mingw-w64\x86_64-8.1.0-posix-seh-rt_v6-rev0\mingw64\bin;C:\Program Files (x86)\NVIDIA Corporation\PhysX\Common;D:\opencv\build\bin;C:\Users\Public\Documents\RAD Studio\7.0\Bpl;D:\Users\cargomaster\AppData\Local\Microsoft\WindowsApps;C:\Program Files\MySQL\MySQL Server 5.7\bin;C:\adb;C:\Program Files (x86)\Common Files\Intel\VirtualFile\;C:\Program Files (x86)\Common Files\Intel\VirtualFile64\;C:\Program Files (x86)\Common Files\Intel\SnapAPI\;C:\Program Files\nodejs\;C:\php\;C:\Program Files\Symfony;C:\Program Files\Crucial\Crucial Storage Executive;C:\Program Files (x86)\Common Files\Acronis\VirtualFile\;C:\Program Files (x86)\Common Files\Acronis\VirtualFile64\;C:\Program Files (x86)\Common Files\Acronis\FileProtector\;C:\Program Files (x86)\Common Files\Acronis\FileProtector64\;C:\Program Files (x86)\Common Files\Acronis\SnapAPI\;C:\Far;C:\Program Files\Common Files\Autodesk Shared\;C:\Program Files (x86)\Autodesk\Backburner\;C:\Program Files\Git\cmd;C:\composer;C:\ProgramData\chocolatey\bin;C:\Program Files\Go\bin;C:\Program Files\PuTTY\;D:\Users\cargomaster\AppData\Local\Programs\Python\Python38\Scripts\;D:\Users\cargomaster\AppData\Local\Programs\Python\Python38\;C:\Ruby26-x64\bin;C:\Users\Public\Documents\RAD Studio\7.0\Bpl;D:\Users\cargomaster\AppData\Local\Microsoft\WindowsApps;C:\Program Files\MySQL\MySQL Server 5.7\bin;D:\Users\cargomaster\AppData\Roaming\npm;C:\Program Files\JetBrains\RubyMine 2019.1.3\bin;D:\Users\cargomaster\AppData\Local\atom\bin;D:\Users\cargomaster\AppData\Roaming\Composer\vendor\bin;C:\Program Files\JetBrains\PhpStorm 2019.2\bin;;D:\Python\Python3.7\;C:\Program Files\Docker Toolbox;C
USERNAME=cargomaster
OS=Windows_NT
PROCESSOR_IDENTIFIER=AMD64 Family 21 Model 2 Stepping 0, AuthenticAMD



---------------  S Y S T E M  ---------------

OS:
 Windows 10 , 64 bit Build 14393 (10.0.14393.0)
OS uptime: 0 days 4:22 hours

CPU: total 6 (initial active 6) (6 cores per cpu, 1 threads per core) family 21 model 2 stepping 0 microcode 0x6000822, cx8, cmov, fxsr, mmx, 3dnowpref, sse, sse2, sse3, ssse3, sse4a, sse4.1, sse4.2, popcnt, lzcnt, tsc, tscinvbit, avx, aes, clmul, bmi1, fma, vzeroupper, clflush

Memory: 4k page, system-wide physical 8093M (2731M free)
TotalPageFile size 9373M (AvailPageFile size 1933M)
current process WorkingSet (physical memory assigned to process): 120M, peak: 178M
current process commit charge ("private bytes"): 275M, peak: 333M

vm_info: OpenJDK 64-Bit Server VM (16.0.1+9-24) for windows-amd64 JRE (16.0.1+9-24), built on Mar 26 2021 19:30:07 by "mach5one" with MS VC++ 16.7 (VS2019)

END.
